<?xml version="1.0" encoding="UTF-8"?>
<!-- Generated by org.testng.reporters.JUnitReportReporter -->
<testsuite hostname="MADNB3266" name="testNgData.LoginTest" tests="1" failures="0" timestamp="9 Apr 2018 14:22:31 GMT" time="11.632" errors="0">
  <testcase name="loginTest" time="11.632" classname="testNgData.LoginTest"/>
</testsuite> <!-- testNgData.LoginTest -->
