<?xml version="1.0" encoding="UTF-8"?>
<!-- Generated by org.testng.reporters.JUnitReportReporter -->
<testsuite hostname="MADNB3266" name="testNgData.LoginTestTest" tests="2" failures="0" timestamp="11 Apr 2018 08:07:57 GMT" time="22.013" errors="0">
  <testcase name="loginTest" time="10.566" classname="testNgData.LoginTestTest"/>
  <testcase name="loginTest" time="11.447" classname="testNgData.LoginTestTest"/>
</testsuite> <!-- testNgData.LoginTestTest -->
